[2025-03-27 15:27:44,512] #DEBUG conf.py (53): logger active
[2025-03-27 15:27:44,618] #DEBUG conf_redis.py (14): Установленно соединение с redis://localhost:6379
[2025-03-27 15:27:44,622] #DEBUG conf_redis.py (14): Установленно соединение с redis://localhost:6379
[2025-03-27 15:27:44,864] #DEBUG set_mongodb.py (29): Установлено подключение к MongoDB
[2025-03-27 15:27:54,860] #DEBUG vgpgk.py (60): Хеш прочитан fd58667b1d707e6908fa54292c2eb277dc809c728403a15471139de902902025
[2025-03-27 15:27:54,975] #INFO vgpgk.py (74): Отправлен запрос на получение замен
[2025-03-27 15:27:55,002] #INFO vgpgk.py (80): получен новый doc файл
[2025-03-27 15:27:55,011] #DEBUG vgpgk.py (40): Хеш посчитан для C:\Users\skosh\lern\pythonlern\aiogram\zameni_bot\files\zameni.doc
 fd58667b1d707e6908fa54292c2eb277dc809c728403a15471139de902902025
[2025-03-27 15:27:55,012] #INFO vgpgk.py (95): Замены не были изменены
[2025-03-27 15:27:55,567] #INFO vgpgk.py (221): Замены не изменились, рассылка не отправлена
[2025-03-27 15:28:00,138] #DEBUG set_mongodb.py (72): Группа ИБ-221 найдена, чат 844995210 удален
[2025-03-27 15:28:05,572] #DEBUG vgpgk.py (60): Хеш прочитан fd58667b1d707e6908fa54292c2eb277dc809c728403a15471139de902902025
[2025-03-27 15:28:05,688] #INFO vgpgk.py (74): Отправлен запрос на получение замен
[2025-03-27 15:28:05,719] #INFO vgpgk.py (80): получен новый doc файл
[2025-03-27 15:28:05,727] #DEBUG vgpgk.py (40): Хеш посчитан для C:\Users\skosh\lern\pythonlern\aiogram\zameni_bot\files\zameni.doc
 fd58667b1d707e6908fa54292c2eb277dc809c728403a15471139de902902025
[2025-03-27 15:28:05,727] #INFO vgpgk.py (95): Замены не были изменены
[2025-03-27 15:28:05,937] #INFO vgpgk.py (221): Замены не изменились, рассылка не отправлена
[2025-03-27 15:28:15,943] #DEBUG vgpgk.py (60): Хеш прочитан fd58667b1d707e6908fa54292c2eb277dc809c728403a15471139de902902025
[2025-03-27 15:28:16,060] #INFO vgpgk.py (74): Отправлен запрос на получение замен
[2025-03-27 15:28:16,095] #INFO vgpgk.py (80): получен новый doc файл
[2025-03-27 15:28:16,103] #DEBUG vgpgk.py (40): Хеш посчитан для C:\Users\skosh\lern\pythonlern\aiogram\zameni_bot\files\zameni.doc
 fd58667b1d707e6908fa54292c2eb277dc809c728403a15471139de902902025
[2025-03-27 15:28:16,104] #INFO vgpgk.py (95): Замены не были изменены
[2025-03-27 15:28:16,312] #INFO vgpgk.py (221): Замены не изменились, рассылка не отправлена
[2025-03-27 15:28:26,325] #DEBUG vgpgk.py (60): Хеш прочитан fd58667b1d707e6908fa54292c2eb277dc809c728403a15471139de902902025
[2025-03-27 15:28:26,441] #INFO vgpgk.py (74): Отправлен запрос на получение замен
[2025-03-27 15:28:26,468] #INFO vgpgk.py (80): получен новый doc файл
[2025-03-27 15:28:26,477] #DEBUG vgpgk.py (40): Хеш посчитан для C:\Users\skosh\lern\pythonlern\aiogram\zameni_bot\files\zameni.doc
 fd58667b1d707e6908fa54292c2eb277dc809c728403a15471139de902902025
[2025-03-27 15:28:26,477] #INFO vgpgk.py (95): Замены не были изменены
[2025-03-27 15:28:26,708] #INFO vgpgk.py (221): Замены не изменились, рассылка не отправлена
